Game file: base/activations.ini
Game file: base/attacks.ini
Game file: base/audio.ini
Game file: base/content_pack.ini
Game file: base/dunwich_data.ini
Game file: base/evade.ini
Game file: base/horror.ini
Game file: base/horror_attacks.ini
Game file: base/images.ini
Game file: base/investigators.ini
Game file: base/items.ini
Game file: base/monsters.ini
Game file: base/mythos.ini
Game file: base/puzzle.ini
Game file: base/tiles.ini
Game file: base/tokens.ini
Game file: base/tokens_items.ini
Game file: base/tokens_monsters.ini
Game file: btt/content_pack.ini
Game file: btt/investigators.ini
Game file: btt/items.ini
Game file: btt/monsters.ini
Game file: btt/tiles.ini
Game file: btt/tokens.ini
Game file: ck/ck-tokensandcards/content_pack.ini
Game file: ck/ck-tokensandcards/items.ini
Game file: ck/ck-tokensandcards/tokens.ini
Game file: ck/cotw-investigators/content_pack.ini
Game file: ck/cotw-investigators/investigators.ini
Game file: ck/cotw-monsters/content_pack.ini
Game file: ck/cotw-monsters/monsters.ini
Game file: ck/cotw-tiles/content_pack.ini
Game file: ck/cotw-tiles/tiles.ini
Game file: ck/fa-investigators/content_pack.ini
Game file: ck/fa-investigators/investigators.ini
Game file: ck/fa-monsters/content_pack.ini
Game file: ck/fa-monsters/monsters.ini
Game file: ck/fa-tiles/content_pack.ini
Game file: ck/fa-tiles/tiles.ini
Game file: ck/mom1e-investigators/content_pack.ini
Game file: ck/mom1e-investigators/investigators.ini
Game file: ck/mom1e-monsters/content_pack.ini
Game file: ck/mom1e-monsters/monsters.ini
Game file: ck/mom1e-tiles/content_pack.ini
Game file: ck/mom1e-tiles/tiles.ini
Game file: hj/content_pack.ini
Game file: hj/investigators.ini
Game file: hj/items.ini
Game file: hj/monsters.ini
Game file: hj/tiles.ini
Game file: hj/tokens.ini
Game file: hj/tokens_monsters.ini
Game file: pots/content_pack.ini
Game file: pots/investigators.ini
Game file: pots/items.ini
/c/Program Files (x86)/Valkyrie/valkyrie_Data/StreamingAssets/content/MoM/pots/items.ini@67 Duplicate  ItemCommonTorch 
Game file: pots/monsters.ini
Game file: pots/tiles.ini
/c/Program Files (x86)/Valkyrie/valkyrie_Data/StreamingAssets/content/MoM/pots/tiles.ini@97 Duplicate  TileSideCampsite 
Game file: pots/tokens.ini
Game file: pots/tokens_monsters.ini
Game file: rn/content_pack.ini
Game file: sm/content_pack.ini
Game file: soa/content_pack.ini
Game file: soa/investigators.ini
Game file: soa/items.ini
Game file: soa/monsters.ini
Game file: soa/tiles.ini
Game file: soa/tokens.ini
Game file: sot/content_pack.ini
Game file: sot/investigators.ini
Game file: sot/items.ini
Game file: sot/monsters.ini
Game file: sot/tiles.ini
Game file: sot/tokens.ini
Game file: base/Localization.English.txt
Game file: base/Localization.French.txt
Game file: base/Localization.German.txt
Game file: base/Localization.Italian.txt
Game file: base/Localization.Polish.txt
Game file: base/Localization.Russian.txt
==================================================================== missing referenced sections
==================================================================== unused sections
==================================================================== missing localization keys
==================================================================== unused localization keys
==================================================================== quest needs these unselected packs
==================================================================== quest doesn't need these selected packs
